/home/jimmywu/sinica/venv/lib/python3.10/site-packages/PIL/Image.py:3402: DecompressionBombWarning: Image size (98976924 pixels) exceeds limit of 89478485 pixels, could be decompression bomb DOS attack.
  warnings.warn(
/home/jimmywu/sinica/venv/lib/python3.10/site-packages/PIL/Image.py:3402: DecompressionBombWarning: Image size (93682818 pixels) exceeds limit of 89478485 pixels, could be decompression bomb DOS attack.
  warnings.warn(
/home/jimmywu/sinica/venv/lib/python3.10/site-packages/PIL/Image.py:3402: DecompressionBombWarning: Image size (92088648 pixels) exceeds limit of 89478485 pixels, could be decompression bomb DOS attack.
  warnings.warn(
/home/jimmywu/sinica/venv/lib/python3.10/site-packages/PIL/Image.py:3402: DecompressionBombWarning: Image size (96147136 pixels) exceeds limit of 89478485 pixels, could be decompression bomb DOS attack.
  warnings.warn(
/home/jimmywu/sinica/venv/lib/python3.10/site-packages/PIL/TiffImagePlugin.py:949: UserWarning: Truncated File Read
  warnings.warn(str(msg))
/home/jimmywu/sinica/venv/lib/python3.10/site-packages/PIL/JpegImagePlugin.py:890: UserWarning: Image appears to be a malformed MPO file, it will be interpreted as a base JPEG file
  warnings.warn(
🔍 Processing images...
❌ Error processing /mnt/data/appledaily/2011/03/12/Z577NWE5VIQHMHBOZRRAZKX27U/img/NTHDRNEKPDO4TX7RJDB2SCASSM.jpg: cannot identify image file '/mnt/data/appledaily/2011/03/12/Z577NWE5VIQHMHBOZRRAZKX27U/img/NTHDRNEKPDO4TX7RJDB2SCASSM.jpg'
❌ Error processing /mnt/data/appledaily/2011/02/09/V42Y4D6PLQDHYAHOBZTPO2LDU4/img/5QDGOXBETIRMWDEQ4XLPKLGJX4.jpg: cannot identify image file '/mnt/data/appledaily/2011/02/09/V42Y4D6PLQDHYAHOBZTPO2LDU4/img/5QDGOXBETIRMWDEQ4XLPKLGJX4.jpg'
❌ Error processing /mnt/data/appledaily/2011/09/27/N6GMLHKPM7VYOXGVSWYZZNPS4E/img/NNU4OMXKD3RMGVVADVSTRFENMI.jpg: cannot identify image file '/mnt/data/appledaily/2011/09/27/N6GMLHKPM7VYOXGVSWYZZNPS4E/img/NNU4OMXKD3RMGVVADVSTRFENMI.jpg'
❌ Error processing /mnt/data/appledaily/2011/09/27/N6GMLHKPM7VYOXGVSWYZZNPS4E/img/L3T7UP2LC7THLS6U4S7GJ6XT4M.jpg: cannot identify image file '/mnt/data/appledaily/2011/09/27/N6GMLHKPM7VYOXGVSWYZZNPS4E/img/L3T7UP2LC7THLS6U4S7GJ6XT4M.jpg'
❌ Error processing /mnt/data/appledaily/2016/04/20/A6DCKCBH6J3MPX6RU7KVILPUVA/img/3EWIJDV26J55UM5ZSC4E2MBXNM.jpg: cannot identify image file '/mnt/data/appledaily/2016/04/20/A6DCKCBH6J3MPX6RU7KVILPUVA/img/3EWIJDV26J55UM5ZSC4E2MBXNM.jpg'
❌ Error processing /mnt/data/appledaily/2016/04/17/WRNK336FGUF2K2ALXVHZU52RUA/img/Y4JPBHZ2IDTRZBY22Z24R6FU4Q.jpg: cannot identify image file '/mnt/data/appledaily/2016/04/17/WRNK336FGUF2K2ALXVHZU52RUA/img/Y4JPBHZ2IDTRZBY22Z24R6FU4Q.jpg'
❌ Error processing /mnt/data/appledaily/2016/04/15/FJBBPEZK2PIQX7FIUVA25K4CV4/img/LXASM2AGJT2UIYJVJYBZFIK22Y.jpg: cannot identify image file '/mnt/data/appledaily/2016/04/15/FJBBPEZK2PIQX7FIUVA25K4CV4/img/LXASM2AGJT2UIYJVJYBZFIK22Y.jpg'
❌ Error processing /mnt/data/appledaily/2016/02/16/BQVPFCGB6HLZ545GC2L5AK3LIM/img/5YNKG2RFPMQKW4PKPGLT5I6664.jpg: cannot identify image file '/mnt/data/appledaily/2016/02/16/BQVPFCGB6HLZ545GC2L5AK3LIM/img/5YNKG2RFPMQKW4PKPGLT5I6664.jpg'
❌ Error processing /mnt/data/appledaily/2016/02/16/BQVPFCGB6HLZ545GC2L5AK3LIM/img/T3TL7IFSGWUAN7TZ5UDUYVEDWE.jpg: cannot identify image file '/mnt/data/appledaily/2016/02/16/BQVPFCGB6HLZ545GC2L5AK3LIM/img/T3TL7IFSGWUAN7TZ5UDUYVEDWE.jpg'
❌ Error processing /mnt/data/appledaily/2016/02/16/BQVPFCGB6HLZ545GC2L5AK3LIM/img/AQTPMATFTMTOF4USE7PXRUKRA4.jpg: cannot identify image file '/mnt/data/appledaily/2016/02/16/BQVPFCGB6HLZ545GC2L5AK3LIM/img/AQTPMATFTMTOF4USE7PXRUKRA4.jpg'
❌ Error processing /mnt/data/appledaily/2016/02/16/BQVPFCGB6HLZ545GC2L5AK3LIM/img/OYAWXOSBEXCVBRUST4T3B4EJVY.jpg: cannot identify image file '/mnt/data/appledaily/2016/02/16/BQVPFCGB6HLZ545GC2L5AK3LIM/img/OYAWXOSBEXCVBRUST4T3B4EJVY.jpg'
❌ Error processing /mnt/data/appledaily/2016/02/16/BQVPFCGB6HLZ545GC2L5AK3LIM/img/FX77EL7CVD6VVPHTLPLPVJF5WU.jpg: cannot identify image file '/mnt/data/appledaily/2016/02/16/BQVPFCGB6HLZ545GC2L5AK3LIM/img/FX77EL7CVD6VVPHTLPLPVJF5WU.jpg'
❌ Error processing /mnt/data/appledaily/2016/02/27/QN63L3SWXGPF2SHDHFKBEHMQO4/img/O5KD52WJ6UUGNUFZ4PHS3UR2YA.jpg: cannot identify image file '/mnt/data/appledaily/2016/02/27/QN63L3SWXGPF2SHDHFKBEHMQO4/img/O5KD52WJ6UUGNUFZ4PHS3UR2YA.jpg'
❌ Error processing /mnt/data/appledaily/2016/01/11/OANGBEZ7C2IXPPXWUCWDA6QBXM/img/GQTIVUNCEOIPCK7MTKUF7UXTEY.jpg: cannot identify image file '/mnt/data/appledaily/2016/01/11/OANGBEZ7C2IXPPXWUCWDA6QBXM/img/GQTIVUNCEOIPCK7MTKUF7UXTEY.jpg'
❌ Error processing /mnt/data/appledaily/2016/01/28/X6LDUNEW7PV753GRIEU322OSDQ/img/XU7PGQDETJFSRKG6H6IU5LFEV4.jpg: cannot identify image file '/mnt/data/appledaily/2016/01/28/X6LDUNEW7PV753GRIEU322OSDQ/img/XU7PGQDETJFSRKG6H6IU5LFEV4.jpg'
❌ Error processing /mnt/data/appledaily/2016/01/28/5WQRCRZF7ZBSZABYZIMJLRMLCA/img/GK73YHPFWEBLS3CLQXPSHPMPRY.jpg: cannot identify image file '/mnt/data/appledaily/2016/01/28/5WQRCRZF7ZBSZABYZIMJLRMLCA/img/GK73YHPFWEBLS3CLQXPSHPMPRY.jpg'
❌ Error processing /mnt/data/appledaily/2016/01/19/RZ7MVNAMIB3KRD3KI6NBIUPBO4/img/P7W3NIMCA77GZWSLV6WAIL3A5Q.jpg: cannot identify image file '/mnt/data/appledaily/2016/01/19/RZ7MVNAMIB3KRD3KI6NBIUPBO4/img/P7W3NIMCA77GZWSLV6WAIL3A5Q.jpg'
❌ Error processing /mnt/data/appledaily/2018/10/11/66IL3ACRKRLKYO3LYCJML55HJA/img/DQZO5LLGTMXD7OGTKYFHZTUNOM.jpg: cannot identify image file '/mnt/data/appledaily/2018/10/11/66IL3ACRKRLKYO3LYCJML55HJA/img/DQZO5LLGTMXD7OGTKYFHZTUNOM.jpg'
❌ Error processing /mnt/data/appledaily/2010/08/16/GOQWZRSORGNE2LBD7RHPB5W7TU/img/36S3EW4M2PQLYO6AAXQCBD2KAE.jpg: cannot identify image file '/mnt/data/appledaily/2010/08/16/GOQWZRSORGNE2LBD7RHPB5W7TU/img/36S3EW4M2PQLYO6AAXQCBD2KAE.jpg'
❌ Error processing /mnt/data/appledaily/2010/02/13/MTUXS6SG3TUCTAEPEHQ2Q7WDL4/img/IM637S5LLNN4ESKWTD6LCBFVJI.jpg: cannot identify image file '/mnt/data/appledaily/2010/02/13/MTUXS6SG3TUCTAEPEHQ2Q7WDL4/img/IM637S5LLNN4ESKWTD6LCBFVJI.jpg'
❌ Error processing /mnt/data/appledaily/2010/02/13/MTUXS6SG3TUCTAEPEHQ2Q7WDL4/img/CWRPK5MPL3VMBQBZ62A363E7CU.jpg: cannot identify image file '/mnt/data/appledaily/2010/02/13/MTUXS6SG3TUCTAEPEHQ2Q7WDL4/img/CWRPK5MPL3VMBQBZ62A363E7CU.jpg'
❌ Error processing /mnt/data/appledaily/2010/02/13/MTUXS6SG3TUCTAEPEHQ2Q7WDL4/img/7KHBAGSN3GLKFUEP6KOZWWNBYQ.jpg: cannot identify image file '/mnt/data/appledaily/2010/02/13/MTUXS6SG3TUCTAEPEHQ2Q7WDL4/img/7KHBAGSN3GLKFUEP6KOZWWNBYQ.jpg'
❌ Error processing /mnt/data/appledaily/2010/02/13/MTUXS6SG3TUCTAEPEHQ2Q7WDL4/img/27AY4QY3WGC73N6LDCHACDEYXI.jpg: cannot identify image file '/mnt/data/appledaily/2010/02/13/MTUXS6SG3TUCTAEPEHQ2Q7WDL4/img/27AY4QY3WGC73N6LDCHACDEYXI.jpg'
❌ Error processing /mnt/data/appledaily/2010/02/13/MTUXS6SG3TUCTAEPEHQ2Q7WDL4/img/RSXFIH7KKRMEALECX4ZUPFS5HA.jpg: cannot identify image file '/mnt/data/appledaily/2010/02/13/MTUXS6SG3TUCTAEPEHQ2Q7WDL4/img/RSXFIH7KKRMEALECX4ZUPFS5HA.jpg'
❌ Error processing /mnt/data/appledaily/2010/02/13/MTUXS6SG3TUCTAEPEHQ2Q7WDL4/img/QX6EWYTGGSARXC7LIVVLSCYYQM.jpg: cannot identify image file '/mnt/data/appledaily/2010/02/13/MTUXS6SG3TUCTAEPEHQ2Q7WDL4/img/QX6EWYTGGSARXC7LIVVLSCYYQM.jpg'
❌ Error processing /mnt/data/appledaily/2010/09/06/KSB2SJULLCY2SI3UJMOZJMGKRU/img/IGK7DW6B7R2OYFSWLEJ6U5TIGQ.jpg: cannot identify image file '/mnt/data/appledaily/2010/09/06/KSB2SJULLCY2SI3UJMOZJMGKRU/img/IGK7DW6B7R2OYFSWLEJ6U5TIGQ.jpg'
❌ Error processing /mnt/data/appledaily/2009/11/20/E3PKORVE4UFO4FEODAPUQSP3BM/img/DLXJCTKFCYIGNLSUEAC6RV25PY.jpg: cannot identify image file '/mnt/data/appledaily/2009/11/20/E3PKORVE4UFO4FEODAPUQSP3BM/img/DLXJCTKFCYIGNLSUEAC6RV25PY.jpg'
❌ Error processing /mnt/data/appledaily/2020/07/08/GWNLZ3TKLLF4AYURZ3HRSD5YSI/img/O4V3N2B4YZWQEJOK72NMSBOVMU.jpg: cannot identify image file '/mnt/data/appledaily/2020/07/08/GWNLZ3TKLLF4AYURZ3HRSD5YSI/img/O4V3N2B4YZWQEJOK72NMSBOVMU.jpg'
❌ Error processing /mnt/data/appledaily/2020/12/25/UG6HJBYNM5CFZE4CILGITD46P4/img/LHPIWNV4TJFNZFET24UB2IGBUM.jpg: cannot identify image file '/mnt/data/appledaily/2020/12/25/UG6HJBYNM5CFZE4CILGITD46P4/img/LHPIWNV4TJFNZFET24UB2IGBUM.jpg'
❌ Error processing /mnt/data/appledaily/2020/09/05/EUVSFLHCUNHQLF536UHLNN5OQE/img/6DEWAIRNHRABXNLZKLYQW2GCLQ.jpg: cannot identify image file '/mnt/data/appledaily/2020/09/05/EUVSFLHCUNHQLF536UHLNN5OQE/img/6DEWAIRNHRABXNLZKLYQW2GCLQ.jpg'
❌ Error processing /mnt/data/appledaily/2013/05/04/C3NNKYRM5FGMPBTOO7L3MC2ZDY/img/LQGVRIR4Z4HGDHBJA6KKR4VVKM.jpg: cannot identify image file '/mnt/data/appledaily/2013/05/04/C3NNKYRM5FGMPBTOO7L3MC2ZDY/img/LQGVRIR4Z4HGDHBJA6KKR4VVKM.jpg'
❌ Error processing /mnt/data/appledaily/2013/05/04/C3NNKYRM5FGMPBTOO7L3MC2ZDY/img/RUYDEJ47BVMV3OYCWKYPIKVDKY.jpg: cannot identify image file '/mnt/data/appledaily/2013/05/04/C3NNKYRM5FGMPBTOO7L3MC2ZDY/img/RUYDEJ47BVMV3OYCWKYPIKVDKY.jpg'
❌ Error processing /mnt/data/appledaily/2013/10/22/YJNNVS2LDKLSDA5QEJAK6ZC5X4/img/SPG7IV7M232TFMAXBUTDTBQLBM.jpg: cannot identify image file '/mnt/data/appledaily/2013/10/22/YJNNVS2LDKLSDA5QEJAK6ZC5X4/img/SPG7IV7M232TFMAXBUTDTBQLBM.jpg'
❌ Error processing /mnt/data/appledaily/2013/11/19/MUUQ3S2IKK2RDJODFMKCFDZ5Y4/img/75UQCM3Z3FOYXVWHEH62X2OXDM.jpg: cannot identify image file '/mnt/data/appledaily/2013/11/19/MUUQ3S2IKK2RDJODFMKCFDZ5Y4/img/75UQCM3Z3FOYXVWHEH62X2OXDM.jpg'
/home/jimmywu/sinica/venv/lib/python3.10/site-packages/PIL/Image.py:3402: DecompressionBombWarning: Image size (99600400 pixels) exceeds limit of 89478485 pixels, could be decompression bomb DOS attack.
  warnings.warn(
/home/jimmywu/sinica/venv/lib/python3.10/site-packages/PIL/Image.py:3402: DecompressionBombWarning: Image size (96242688 pixels) exceeds limit of 89478485 pixels, could be decompression bomb DOS attack.
  warnings.warn(
❌ Error processing /mnt/data/appledaily/2013/02/17/T6ITCOUANUNYOFDBLJYHCDHLZU/img/B462KI3HOHCWVMSDNJYIOQTLCQ.jpg: cannot identify image file '/mnt/data/appledaily/2013/02/17/T6ITCOUANUNYOFDBLJYHCDHLZU/img/B462KI3HOHCWVMSDNJYIOQTLCQ.jpg'
❌ Error processing /mnt/data/appledaily/2013/09/25/5RZQ3BH5TBZI2JDS6J57QZHXMM/img/2IMIWYHD6IDEQVMLIGB5KLQAEE.jpg: cannot identify image file '/mnt/data/appledaily/2013/09/25/5RZQ3BH5TBZI2JDS6J57QZHXMM/img/2IMIWYHD6IDEQVMLIGB5KLQAEE.jpg'
❌ Error processing /mnt/data/appledaily/2013/09/25/5RZQ3BH5TBZI2JDS6J57QZHXMM/img/4UL3QNZJL24T2NUYZXIKKWMCCM.jpg: cannot identify image file '/mnt/data/appledaily/2013/09/25/5RZQ3BH5TBZI2JDS6J57QZHXMM/img/4UL3QNZJL24T2NUYZXIKKWMCCM.jpg'
❌ Error processing /mnt/data/appledaily/2013/09/25/5RZQ3BH5TBZI2JDS6J57QZHXMM/img/YTD5Y75CNJSEIP2GNO7WL65X4E.jpg: cannot identify image file '/mnt/data/appledaily/2013/09/25/5RZQ3BH5TBZI2JDS6J57QZHXMM/img/YTD5Y75CNJSEIP2GNO7WL65X4E.jpg'
❌ Error processing /mnt/data/appledaily/2019/12/27/2DWU5A7LEM6N7LOSHEXL4RXCRE/img/D4GAYDMNTZAWHMPSVHRBW5ZU6E.jpg: cannot identify image file '/mnt/data/appledaily/2019/12/27/2DWU5A7LEM6N7LOSHEXL4RXCRE/img/D4GAYDMNTZAWHMPSVHRBW5ZU6E.jpg'
❌ Error processing /mnt/data/appledaily/2022/01/19/5NB33QT64FA2HEBWQOT7A7NYIQ/img/M7DILFDHZNEAFDKF5QK2TJH44U.jpg: cannot identify image file '/mnt/data/appledaily/2022/01/19/5NB33QT64FA2HEBWQOT7A7NYIQ/img/M7DILFDHZNEAFDKF5QK2TJH44U.jpg'
❌ Error processing /mnt/data/appledaily/2022/01/19/5NB33QT64FA2HEBWQOT7A7NYIQ/img/DKBJPY6HHZFUTCS2OHR5JUACXE.jpg: cannot identify image file '/mnt/data/appledaily/2022/01/19/5NB33QT64FA2HEBWQOT7A7NYIQ/img/DKBJPY6HHZFUTCS2OHR5JUACXE.jpg'
❌ Error processing /mnt/data/appledaily/2022/01/19/5NB33QT64FA2HEBWQOT7A7NYIQ/img/OWA3U6WAUVFQZBKTAJ3HZ2PWWE.jpg: cannot identify image file '/mnt/data/appledaily/2022/01/19/5NB33QT64FA2HEBWQOT7A7NYIQ/img/OWA3U6WAUVFQZBKTAJ3HZ2PWWE.jpg'
❌ Error processing /mnt/data/appledaily/2021/05/06/ERUUUQBDDJHLPN3ATXFXLCD4PI/img/36BRADO4VURBOME55NM6QBXP2M.jpg: cannot identify image file '/mnt/data/appledaily/2021/05/06/ERUUUQBDDJHLPN3ATXFXLCD4PI/img/36BRADO4VURBOME55NM6QBXP2M.jpg'
❌ Error processing /mnt/data/appledaily/2021/05/06/MBZI3Q7YTZC2HFB2T3ZJNJCF3E/img/T2GU7EW2FBA5DMBDM2SZHCF27E.jpg: cannot identify image file '/mnt/data/appledaily/2021/05/06/MBZI3Q7YTZC2HFB2T3ZJNJCF3E/img/T2GU7EW2FBA5DMBDM2SZHCF27E.jpg'
❌ Error processing /mnt/data/appledaily/2021/05/25/ODP3SNAXXBCFHEY2ACVVXTHMUQ/img/DUQVGN72IJELLCB3JMO763DCG4.jpg: cannot identify image file '/mnt/data/appledaily/2021/05/25/ODP3SNAXXBCFHEY2ACVVXTHMUQ/img/DUQVGN72IJELLCB3JMO763DCG4.jpg'
❌ Error processing /mnt/data/appledaily/2021/05/11/VYN5IHOD4VHVZOE76CVEDHCDY4/img/T2GU7EW2FBA5DMBDM2SZHCF27E.jpg: cannot identify image file '/mnt/data/appledaily/2021/05/11/VYN5IHOD4VHVZOE76CVEDHCDY4/img/T2GU7EW2FBA5DMBDM2SZHCF27E.jpg'
❌ Error processing /mnt/data/appledaily/2021/10/02/CPZLEJLLONE4TERIYAOCWSKMGU/img/DUQVGN72IJELLCB3JMO763DCG4.jpg: cannot identify image file '/mnt/data/appledaily/2021/10/02/CPZLEJLLONE4TERIYAOCWSKMGU/img/DUQVGN72IJELLCB3JMO763DCG4.jpg'
❌ Error processing /mnt/data/appledaily/2021/06/07/T5GJUFCJIJDQHILHK4V4RQPSBU/img/DUQVGN72IJELLCB3JMO763DCG4.jpg: cannot identify image file '/mnt/data/appledaily/2021/06/07/T5GJUFCJIJDQHILHK4V4RQPSBU/img/DUQVGN72IJELLCB3JMO763DCG4.jpg'
❌ Error processing /mnt/data/appledaily/2021/03/10/MIF3XT6DVZBHBC4T4CEMULEG2Q/img/LHPIWNV4TJFNZFET24UB2IGBUM.jpg: cannot identify image file '/mnt/data/appledaily/2021/03/10/MIF3XT6DVZBHBC4T4CEMULEG2Q/img/LHPIWNV4TJFNZFET24UB2IGBUM.jpg'
❌ Error processing /mnt/data/appledaily/2021/03/10/ANVXMC2WARCF7I67W5RPI5RFPQ/img/LHPIWNV4TJFNZFET24UB2IGBUM.jpg: cannot identify image file '/mnt/data/appledaily/2021/03/10/ANVXMC2WARCF7I67W5RPI5RFPQ/img/LHPIWNV4TJFNZFET24UB2IGBUM.jpg'
❌ Error processing /mnt/data/appledaily/2021/03/16/J3WCOJU4LVEFZPJU23GQ42HHFU/img/LHPIWNV4TJFNZFET24UB2IGBUM.jpg: cannot identify image file '/mnt/data/appledaily/2021/03/16/J3WCOJU4LVEFZPJU23GQ42HHFU/img/LHPIWNV4TJFNZFET24UB2IGBUM.jpg'
❌ Error processing /mnt/data/appledaily/2021/03/11/TVDGWE6Z2RA5ZKTAVOBMXKHMYI/img/LHPIWNV4TJFNZFET24UB2IGBUM.jpg: cannot identify image file '/mnt/data/appledaily/2021/03/11/TVDGWE6Z2RA5ZKTAVOBMXKHMYI/img/LHPIWNV4TJFNZFET24UB2IGBUM.jpg'
❌ Error processing /mnt/data/appledaily/2021/03/12/RPEXLEFLO5BUVLMYWPYX5KLBZQ/img/LHPIWNV4TJFNZFET24UB2IGBUM.jpg: cannot identify image file '/mnt/data/appledaily/2021/03/12/RPEXLEFLO5BUVLMYWPYX5KLBZQ/img/LHPIWNV4TJFNZFET24UB2IGBUM.jpg'
❌ Error processing /mnt/data/appledaily/2021/03/24/UHS4637U5RF4LCNHGLYNEGKHKY/img/LHPIWNV4TJFNZFET24UB2IGBUM.jpg: cannot identify image file '/mnt/data/appledaily/2021/03/24/UHS4637U5RF4LCNHGLYNEGKHKY/img/LHPIWNV4TJFNZFET24UB2IGBUM.jpg'
❌ Error processing /mnt/data/appledaily/2021/07/11/C3B3H755EZD25NLJBKSDRBC7A4/img/DUQVGN72IJELLCB3JMO763DCG4.jpg: cannot identify image file '/mnt/data/appledaily/2021/07/11/C3B3H755EZD25NLJBKSDRBC7A4/img/DUQVGN72IJELLCB3JMO763DCG4.jpg'
❌ Error processing /mnt/data/appledaily/2021/07/12/354GMZGDARAVZMKKJHYUUUSC6I/img/DUQVGN72IJELLCB3JMO763DCG4.jpg: cannot identify image file '/mnt/data/appledaily/2021/07/12/354GMZGDARAVZMKKJHYUUUSC6I/img/DUQVGN72IJELLCB3JMO763DCG4.jpg'
❌ Error processing /mnt/data/appledaily/2021/07/26/EKWAL5XCFNDJHLUSYFGLJP4TXI/img/DUQVGN72IJELLCB3JMO763DCG4.jpg: cannot identify image file '/mnt/data/appledaily/2021/07/26/EKWAL5XCFNDJHLUSYFGLJP4TXI/img/DUQVGN72IJELLCB3JMO763DCG4.jpg'
❌ Error processing /mnt/data/appledaily/2021/07/19/K47MDHCDBNBW7AJJCQKFEVOBCM/img/DUQVGN72IJELLCB3JMO763DCG4.jpg: cannot identify image file '/mnt/data/appledaily/2021/07/19/K47MDHCDBNBW7AJJCQKFEVOBCM/img/DUQVGN72IJELLCB3JMO763DCG4.jpg'
❌ Error processing /mnt/data/appledaily/2021/07/27/DSM7WQ4KE5BKLIVNZPZY57GNIM/img/SV6KENXQ7ZDBLHJH6GWRTZVTAA.jpg: cannot identify image file '/mnt/data/appledaily/2021/07/27/DSM7WQ4KE5BKLIVNZPZY57GNIM/img/SV6KENXQ7ZDBLHJH6GWRTZVTAA.jpg'
❌ Error processing /mnt/data/appledaily/2021/04/25/JVVSPCQ47FBRXGGB7S33DHNKSY/img/4OGTIDEJQDHVRC7EAVFEKOFYFM.jpg: cannot identify image file '/mnt/data/appledaily/2021/04/25/JVVSPCQ47FBRXGGB7S33DHNKSY/img/4OGTIDEJQDHVRC7EAVFEKOFYFM.jpg'
❌ Error processing /mnt/data/appledaily/2021/04/12/TEPEF44TPFEELHNRLPCRX5VYYI/img/LHPIWNV4TJFNZFET24UB2IGBUM.jpg: cannot identify image file '/mnt/data/appledaily/2021/04/12/TEPEF44TPFEELHNRLPCRX5VYYI/img/LHPIWNV4TJFNZFET24UB2IGBUM.jpg'
❌ Error processing /mnt/data/appledaily/2021/04/21/3PG5FCH4WREKTBXDYS33N73CZY/img/LHPIWNV4TJFNZFET24UB2IGBUM.jpg: cannot identify image file '/mnt/data/appledaily/2021/04/21/3PG5FCH4WREKTBXDYS33N73CZY/img/LHPIWNV4TJFNZFET24UB2IGBUM.jpg'
❌ Error processing /mnt/data/appledaily/2021/04/26/WZ67TWUPZNAPZB2764FZVQUQIM/img/LHPIWNV4TJFNZFET24UB2IGBUM.jpg: cannot identify image file '/mnt/data/appledaily/2021/04/26/WZ67TWUPZNAPZB2764FZVQUQIM/img/LHPIWNV4TJFNZFET24UB2IGBUM.jpg'
❌ Error processing /mnt/data/appledaily/2021/04/26/OHIZPSPU5BCPRBX6CXHDMA57ZA/img/LHPIWNV4TJFNZFET24UB2IGBUM.jpg: cannot identify image file '/mnt/data/appledaily/2021/04/26/OHIZPSPU5BCPRBX6CXHDMA57ZA/img/LHPIWNV4TJFNZFET24UB2IGBUM.jpg'
❌ Error processing /mnt/data/appledaily/2021/04/26/UHPRTWYI35BV3OYI6FDWDTWNP4/img/LHPIWNV4TJFNZFET24UB2IGBUM.jpg: cannot identify image file '/mnt/data/appledaily/2021/04/26/UHPRTWYI35BV3OYI6FDWDTWNP4/img/LHPIWNV4TJFNZFET24UB2IGBUM.jpg'
❌ Error processing /mnt/data/appledaily/2021/04/26/SWIXSRMGN5BG3BSYO5CW4FZ3EY/img/LHPIWNV4TJFNZFET24UB2IGBUM.jpg: cannot identify image file '/mnt/data/appledaily/2021/04/26/SWIXSRMGN5BG3BSYO5CW4FZ3EY/img/LHPIWNV4TJFNZFET24UB2IGBUM.jpg'
❌ Error processing /mnt/data/appledaily/2021/04/19/HX56C74I35HBPHJCVVPMK4MKEE/img/LHPIWNV4TJFNZFET24UB2IGBUM.jpg: cannot identify image file '/mnt/data/appledaily/2021/04/19/HX56C74I35HBPHJCVVPMK4MKEE/img/LHPIWNV4TJFNZFET24UB2IGBUM.jpg'
❌ Error processing /mnt/data/appledaily/2021/08/11/W4H2NTL2EVHCFGZOPXJK3CZJ4U/img/DUQVGN72IJELLCB3JMO763DCG4.jpg: cannot identify image file '/mnt/data/appledaily/2021/08/11/W4H2NTL2EVHCFGZOPXJK3CZJ4U/img/DUQVGN72IJELLCB3JMO763DCG4.jpg'
❌ Error processing /mnt/data/appledaily/2021/08/30/EWSCE2LUTFFZTHK7DL6DYHOHCA/img/DUQVGN72IJELLCB3JMO763DCG4.jpg: cannot identify image file '/mnt/data/appledaily/2021/08/30/EWSCE2LUTFFZTHK7DL6DYHOHCA/img/DUQVGN72IJELLCB3JMO763DCG4.jpg'
❌ Error processing /mnt/data/appledaily/2021/08/23/KMXDVL4VJFAW3FSI7XLWJ47DL4/img/SV6KENXQ7ZDBLHJH6GWRTZVTAA.jpg: cannot identify image file '/mnt/data/appledaily/2021/08/23/KMXDVL4VJFAW3FSI7XLWJ47DL4/img/SV6KENXQ7ZDBLHJH6GWRTZVTAA.jpg'
❌ Error processing /mnt/data/appledaily/2021/08/31/YV4ZPENTFBEYXDQJ5KQC5646YU/img/SV6KENXQ7ZDBLHJH6GWRTZVTAA.jpg: cannot identify image file '/mnt/data/appledaily/2021/08/31/YV4ZPENTFBEYXDQJ5KQC5646YU/img/SV6KENXQ7ZDBLHJH6GWRTZVTAA.jpg'
❌ Error processing /mnt/data/appledaily/2021/02/28/3UGIOF6MLJHYDL7SGX2NJI7YDY/img/LHPIWNV4TJFNZFET24UB2IGBUM.jpg: cannot identify image file '/mnt/data/appledaily/2021/02/28/3UGIOF6MLJHYDL7SGX2NJI7YDY/img/LHPIWNV4TJFNZFET24UB2IGBUM.jpg'
❌ Error processing /mnt/data/appledaily/2021/09/05/IY4ES2UKVJCN7KLSCXGBI6KX5Y/img/SV6KENXQ7ZDBLHJH6GWRTZVTAA.jpg: cannot identify image file '/mnt/data/appledaily/2021/09/05/IY4ES2UKVJCN7KLSCXGBI6KX5Y/img/SV6KENXQ7ZDBLHJH6GWRTZVTAA.jpg'
❌ Error processing /mnt/data/appledaily/2021/09/16/X6SG2A7UMZAX5AL5WTEOA2TKMA/img/DUQVGN72IJELLCB3JMO763DCG4.jpg: cannot identify image file '/mnt/data/appledaily/2021/09/16/X6SG2A7UMZAX5AL5WTEOA2TKMA/img/DUQVGN72IJELLCB3JMO763DCG4.jpg'
❌ Error processing /mnt/data/appledaily/2021/09/04/ZSHUXHUTQVALBGBKHNP5O7UMQQ/img/DUQVGN72IJELLCB3JMO763DCG4.jpg: cannot identify image file '/mnt/data/appledaily/2021/09/04/ZSHUXHUTQVALBGBKHNP5O7UMQQ/img/DUQVGN72IJELLCB3JMO763DCG4.jpg'
❌ Error processing /mnt/data/appledaily/2021/09/28/DRQXJJFYOJEI5PUJTEQ4VHQAN4/img/DUQVGN72IJELLCB3JMO763DCG4.jpg: cannot identify image file '/mnt/data/appledaily/2021/09/28/DRQXJJFYOJEI5PUJTEQ4VHQAN4/img/DUQVGN72IJELLCB3JMO763DCG4.jpg'
❌ Error processing /mnt/data/appledaily/2021/09/28/26D2MPJS3BFB5CHNHCFDS5F77U/img/SV6KENXQ7ZDBLHJH6GWRTZVTAA.jpg: cannot identify image file '/mnt/data/appledaily/2021/09/28/26D2MPJS3BFB5CHNHCFDS5F77U/img/SV6KENXQ7ZDBLHJH6GWRTZVTAA.jpg'
❌ Error processing /mnt/data/appledaily/2021/09/19/2EGTQX4C5VH4NBHZCLD2MZAL2Y/img/SV6KENXQ7ZDBLHJH6GWRTZVTAA.jpg: cannot identify image file '/mnt/data/appledaily/2021/09/19/2EGTQX4C5VH4NBHZCLD2MZAL2Y/img/SV6KENXQ7ZDBLHJH6GWRTZVTAA.jpg'
❌ Error processing /mnt/data/appledaily/2021/01/26/ENCHJ3COJZCLRDXNSUII3J5LHY/img/LHPIWNV4TJFNZFET24UB2IGBUM.jpg: cannot identify image file '/mnt/data/appledaily/2021/01/26/ENCHJ3COJZCLRDXNSUII3J5LHY/img/LHPIWNV4TJFNZFET24UB2IGBUM.jpg'
❌ Error processing /mnt/data/appledaily/2021/01/28/EI46LTFAHVGFBJJMPS2CNBQISM/img/LHPIWNV4TJFNZFET24UB2IGBUM.jpg: cannot identify image file '/mnt/data/appledaily/2021/01/28/EI46LTFAHVGFBJJMPS2CNBQISM/img/LHPIWNV4TJFNZFET24UB2IGBUM.jpg'
❌ Error processing /mnt/data/appledaily/2008/10/21/NSVTKM3O7V5MBWMFYY4PP4OWBY/img/MAPR6DXVH62L44P4D2PFTV3Q4M.jpg: cannot identify image file '/mnt/data/appledaily/2008/10/21/NSVTKM3O7V5MBWMFYY4PP4OWBY/img/MAPR6DXVH62L44P4D2PFTV3Q4M.jpg'
❌ Error processing /mnt/data/appledaily/2012/05/03/D6HOZT7UEA2KIAT6Q5R53XEVWI/img/AI7DTPY2PLYVFFYGD7OI3FBPC4.jpg: cannot identify image file '/mnt/data/appledaily/2012/05/03/D6HOZT7UEA2KIAT6Q5R53XEVWI/img/AI7DTPY2PLYVFFYGD7OI3FBPC4.jpg'
❌ Error processing /mnt/data/appledaily/2012/05/03/D6HOZT7UEA2KIAT6Q5R53XEVWI/img/HVMKRKP2SG7AGE42Y6XQEQRTDQ.jpg: cannot identify image file '/mnt/data/appledaily/2012/05/03/D6HOZT7UEA2KIAT6Q5R53XEVWI/img/HVMKRKP2SG7AGE42Y6XQEQRTDQ.jpg'
❌ Error processing /mnt/data/appledaily/2012/05/03/D6HOZT7UEA2KIAT6Q5R53XEVWI/img/7NOCM2CDX7YQ4TMHME6D3EY4CY.jpg: cannot identify image file '/mnt/data/appledaily/2012/05/03/D6HOZT7UEA2KIAT6Q5R53XEVWI/img/7NOCM2CDX7YQ4TMHME6D3EY4CY.jpg'
❌ Error processing /mnt/data/appledaily/2012/06/07/7RSUJ7EC72XSLC3ZLM2QICTW2Q/img/EMKXIJTUYVQA7TH7CPHTZE3N2Q.jpg: cannot identify image file '/mnt/data/appledaily/2012/06/07/7RSUJ7EC72XSLC3ZLM2QICTW2Q/img/EMKXIJTUYVQA7TH7CPHTZE3N2Q.jpg'
❌ Error processing /mnt/data/appledaily/2012/04/30/3AJCNFB3L362MYBBPXVIPHU6XQ/img/YFPUJINBKZ3YZ2XOTIST4JVUW4.jpg: cannot identify image file '/mnt/data/appledaily/2012/04/30/3AJCNFB3L362MYBBPXVIPHU6XQ/img/YFPUJINBKZ3YZ2XOTIST4JVUW4.jpg'
❌ Error processing /mnt/data/appledaily/2012/08/17/UBRG4HCSKO4DQXNCXU6E4XGXQY/img/WX5A2E6WZ6CVFI4G5YSFZG2OOA.jpg: cannot identify image file '/mnt/data/appledaily/2012/08/17/UBRG4HCSKO4DQXNCXU6E4XGXQY/img/WX5A2E6WZ6CVFI4G5YSFZG2OOA.jpg'
❌ Error processing /mnt/data/appledaily/2012/08/17/UBRG4HCSKO4DQXNCXU6E4XGXQY/img/OIH46FWSCBXZMYSSHWDLU4BFUQ.jpg: cannot identify image file '/mnt/data/appledaily/2012/08/17/UBRG4HCSKO4DQXNCXU6E4XGXQY/img/OIH46FWSCBXZMYSSHWDLU4BFUQ.jpg'
❌ Error processing /mnt/data/appledaily/2004/10/07/EA4KPPU2N24UJTWVNPL4ZGBEVU/img/C3J5XWELTJKLJJ3CUUKGQNSFYA.jpg: cannot identify image file '/mnt/data/appledaily/2004/10/07/EA4KPPU2N24UJTWVNPL4ZGBEVU/img/C3J5XWELTJKLJJ3CUUKGQNSFYA.jpg'
❌ Error processing /mnt/data/appledaily/2004/10/24/6MNBKB5AWRGC6WOTMBJTLN4XHM/img/X3RQ2TXEZLQ4CG2XHBCYD6LPDA.jpg: cannot identify image file '/mnt/data/appledaily/2004/10/24/6MNBKB5AWRGC6WOTMBJTLN4XHM/img/X3RQ2TXEZLQ4CG2XHBCYD6LPDA.jpg'
❌ Error processing /mnt/data/appledaily/2004/04/23/QYT2HHQF2EYWTPHHGOEYH5DIQA/img/KS5J4EB3VP2FRY7RY7VYIPIRAM.jpg: cannot identify image file '/mnt/data/appledaily/2004/04/23/QYT2HHQF2EYWTPHHGOEYH5DIQA/img/KS5J4EB3VP2FRY7RY7VYIPIRAM.jpg'
❌ Error processing /mnt/data/appledaily/2004/04/23/KIPPI4JN7JQQ7A6F47BX5GWJBQ/img/UMZCETUHXLE4W6CYOFXYB5C4SY.jpg: cannot identify image file '/mnt/data/appledaily/2004/04/23/KIPPI4JN7JQQ7A6F47BX5GWJBQ/img/UMZCETUHXLE4W6CYOFXYB5C4SY.jpg'
❌ Error processing /mnt/data/appledaily/2015/10/14/WBEOTL367JHHGVMLFVIOT6X5QM/img/IZ7C4RY77I6WKIU2ALWPOIGMMI.jpg: cannot identify image file '/mnt/data/appledaily/2015/10/14/WBEOTL367JHHGVMLFVIOT6X5QM/img/IZ7C4RY77I6WKIU2ALWPOIGMMI.jpg'
❌ Error processing /mnt/data/appledaily/2015/07/19/7TRDG2VTF7OQWJI5VQVGOBUF5E/img/FKZH53ULJANHXQHY6GT3G7LI6U.jpg: cannot identify image file '/mnt/data/appledaily/2015/07/19/7TRDG2VTF7OQWJI5VQVGOBUF5E/img/FKZH53ULJANHXQHY6GT3G7LI6U.jpg'
❌ Error processing /mnt/data/appledaily/2015/07/19/7TRDG2VTF7OQWJI5VQVGOBUF5E/img/6QWGEA3DVUNWXBKG3LDIZLCEPM.jpg: cannot identify image file '/mnt/data/appledaily/2015/07/19/7TRDG2VTF7OQWJI5VQVGOBUF5E/img/6QWGEA3DVUNWXBKG3LDIZLCEPM.jpg'
❌ Error processing /mnt/data/appledaily/2015/07/19/7TRDG2VTF7OQWJI5VQVGOBUF5E/img/JD5YURGM67YU5NPHK7TK37E7XQ.jpg: cannot identify image file '/mnt/data/appledaily/2015/07/19/7TRDG2VTF7OQWJI5VQVGOBUF5E/img/JD5YURGM67YU5NPHK7TK37E7XQ.jpg'
❌ Error processing /mnt/data/appledaily/2015/07/19/7TRDG2VTF7OQWJI5VQVGOBUF5E/img/7DVK4N3ANR4RYBFEPJFYCHMUYY.jpg: cannot identify image file '/mnt/data/appledaily/2015/07/19/7TRDG2VTF7OQWJI5VQVGOBUF5E/img/7DVK4N3ANR4RYBFEPJFYCHMUYY.jpg'
❌ Error processing /mnt/data/appledaily/2015/07/19/7TRDG2VTF7OQWJI5VQVGOBUF5E/img/PQSG2LGJKOEA4RGATEWACJKTPY.jpg: cannot identify image file '/mnt/data/appledaily/2015/07/19/7TRDG2VTF7OQWJI5VQVGOBUF5E/img/PQSG2LGJKOEA4RGATEWACJKTPY.jpg'
❌ Error processing /mnt/data/appledaily/2007/06/21/5IXLVAH643T4WXISBA2IIQV7WA/img/E5QO5E7CZTCM3BIJ4KPLTHVIXA.jpg: cannot identify image file '/mnt/data/appledaily/2007/06/21/5IXLVAH643T4WXISBA2IIQV7WA/img/E5QO5E7CZTCM3BIJ4KPLTHVIXA.jpg'
❌ Error processing /mnt/data/appledaily/2007/08/04/PEPUQ3CCXLUWC4XH52BSYK4BKI/img/RSM5R3GJJADXMARHJLBL75SXBU.jpg: cannot identify image file '/mnt/data/appledaily/2007/08/04/PEPUQ3CCXLUWC4XH52BSYK4BKI/img/RSM5R3GJJADXMARHJLBL75SXBU.jpg'
❌ Error processing /mnt/data/appledaily/2007/08/04/PEPUQ3CCXLUWC4XH52BSYK4BKI/img/LAQQXDNE7CVOEB34G7T3FBCMLM.jpg: cannot identify image file '/mnt/data/appledaily/2007/08/04/PEPUQ3CCXLUWC4XH52BSYK4BKI/img/LAQQXDNE7CVOEB34G7T3FBCMLM.jpg'
❌ Error processing /mnt/data/appledaily/2007/08/04/PEPUQ3CCXLUWC4XH52BSYK4BKI/img/MBRLXIFAUWRJ234VJHIOALQFCQ.jpg: cannot identify image file '/mnt/data/appledaily/2007/08/04/PEPUQ3CCXLUWC4XH52BSYK4BKI/img/MBRLXIFAUWRJ234VJHIOALQFCQ.jpg'
❌ Error processing /mnt/data/appledaily/2007/08/04/PEPUQ3CCXLUWC4XH52BSYK4BKI/img/AHTXC47P5PRKVLKZIJOAPIOAUU.jpg: cannot identify image file '/mnt/data/appledaily/2007/08/04/PEPUQ3CCXLUWC4XH52BSYK4BKI/img/AHTXC47P5PRKVLKZIJOAPIOAUU.jpg'
❌ Error processing /mnt/data/appledaily/2007/08/04/PEPUQ3CCXLUWC4XH52BSYK4BKI/img/RRUZNF3NXMFBRWK263EHOGLNYE.jpg: cannot identify image file '/mnt/data/appledaily/2007/08/04/PEPUQ3CCXLUWC4XH52BSYK4BKI/img/RRUZNF3NXMFBRWK263EHOGLNYE.jpg'
❌ Error processing /mnt/data/appledaily/2007/08/04/PEPUQ3CCXLUWC4XH52BSYK4BKI/img/MK74B2MBTIRUVREQKTDKCD6WBU.jpg: cannot identify image file '/mnt/data/appledaily/2007/08/04/PEPUQ3CCXLUWC4XH52BSYK4BKI/img/MK74B2MBTIRUVREQKTDKCD6WBU.jpg'
❌ Error processing /mnt/data/appledaily/2007/09/01/HLHI33G6TXJT664MOUDJYRDBEE/img/WIRQ4DU47KJ663SJTUWZ2EQWWM.jpg: cannot identify image file '/mnt/data/appledaily/2007/09/01/HLHI33G6TXJT664MOUDJYRDBEE/img/WIRQ4DU47KJ663SJTUWZ2EQWWM.jpg'
❌ Error processing /mnt/data/appledaily/2007/09/01/HLHI33G6TXJT664MOUDJYRDBEE/img/JOJZLDEIAF33KDODLMQXPY7ATI.jpg: cannot identify image file '/mnt/data/appledaily/2007/09/01/HLHI33G6TXJT664MOUDJYRDBEE/img/JOJZLDEIAF33KDODLMQXPY7ATI.jpg'
❌ Error processing /mnt/data/appledaily/2007/09/01/HLHI33G6TXJT664MOUDJYRDBEE/img/HP6IJCRM6OJPF2DHTWWZOUZ4JU.jpg: cannot identify image file '/mnt/data/appledaily/2007/09/01/HLHI33G6TXJT664MOUDJYRDBEE/img/HP6IJCRM6OJPF2DHTWWZOUZ4JU.jpg'
❌ Error processing /mnt/data/appledaily/2014/10/23/YRBRZ46OV3OQHAYXVD4JRCDGFE/img/EZ7J3UVTD7JTHDWUF4XQ7CH5YM.jpg: cannot identify image file '/mnt/data/appledaily/2014/10/23/YRBRZ46OV3OQHAYXVD4JRCDGFE/img/EZ7J3UVTD7JTHDWUF4XQ7CH5YM.jpg'
❌ Error processing /mnt/data/appledaily/2014/03/09/5XU43M7ZGL3IW7IMGELOMAO3VA/img/U7AADZPJRJE7J4BMRK2B7CJYIA.jpg: cannot identify image file '/mnt/data/appledaily/2014/03/09/5XU43M7ZGL3IW7IMGELOMAO3VA/img/U7AADZPJRJE7J4BMRK2B7CJYIA.jpg'
❌ Error processing /mnt/data/appledaily/2014/03/09/5XU43M7ZGL3IW7IMGELOMAO3VA/img/54RB5QGHJSBWQC5LP47JVHXJ2E.jpg: cannot identify image file '/mnt/data/appledaily/2014/03/09/5XU43M7ZGL3IW7IMGELOMAO3VA/img/54RB5QGHJSBWQC5LP47JVHXJ2E.jpg'
❌ Error processing /mnt/data/appledaily/2014/03/09/5XU43M7ZGL3IW7IMGELOMAO3VA/img/N6F5AMWCO4DK6NH4FUGKVGCNKI.jpg: cannot identify image file '/mnt/data/appledaily/2014/03/09/5XU43M7ZGL3IW7IMGELOMAO3VA/img/N6F5AMWCO4DK6NH4FUGKVGCNKI.jpg'
❌ Error processing /mnt/data/appledaily/2014/03/09/5XU43M7ZGL3IW7IMGELOMAO3VA/img/OSPTKKA66IKS4XSN74ZCI7HPZ4.jpg: cannot identify image file '/mnt/data/appledaily/2014/03/09/5XU43M7ZGL3IW7IMGELOMAO3VA/img/OSPTKKA66IKS4XSN74ZCI7HPZ4.jpg'
❌ Error processing /mnt/data/appledaily/2014/03/09/5XU43M7ZGL3IW7IMGELOMAO3VA/img/XEDFHRRFG5FT3HBGTLNDGXH3IU.jpg: cannot identify image file '/mnt/data/appledaily/2014/03/09/5XU43M7ZGL3IW7IMGELOMAO3VA/img/XEDFHRRFG5FT3HBGTLNDGXH3IU.jpg'
❌ Error processing /mnt/data/appledaily/2014/03/09/5XU43M7ZGL3IW7IMGELOMAO3VA/img/MWWP6NJTMCIENMLKDQIVJC2STA.jpg: cannot identify image file '/mnt/data/appledaily/2014/03/09/5XU43M7ZGL3IW7IMGELOMAO3VA/img/MWWP6NJTMCIENMLKDQIVJC2STA.jpg'
❌ Error processing /mnt/data/appledaily/2014/03/09/5XU43M7ZGL3IW7IMGELOMAO3VA/img/Y2ZXDKCACHBA5NPBJOHLDKWBI4.jpg: cannot identify image file '/mnt/data/appledaily/2014/03/09/5XU43M7ZGL3IW7IMGELOMAO3VA/img/Y2ZXDKCACHBA5NPBJOHLDKWBI4.jpg'
❌ Error processing /mnt/data/appledaily/2014/03/19/L35HSDOE6A2SH6QY7XNEP6G4JE/img/HSX7VORIODA3XNMRBJUWO6XUEA.jpg: cannot identify image file '/mnt/data/appledaily/2014/03/19/L35HSDOE6A2SH6QY7XNEP6G4JE/img/HSX7VORIODA3XNMRBJUWO6XUEA.jpg'
❌ Error processing /mnt/data/appledaily/2014/11/10/JNHJPPTTBLKPW6DTZLF77VGJFU/img/YHOKHKCLVVGNMHIWUFON4FOB7U.jpg: cannot identify image file '/mnt/data/appledaily/2014/11/10/JNHJPPTTBLKPW6DTZLF77VGJFU/img/YHOKHKCLVVGNMHIWUFON4FOB7U.jpg'
❌ Error processing /mnt/data/appledaily/2014/11/10/M77A4PZ4AXX2FRMRNIKLJ2AWW4/img/5YLD4AXP2P4K5KCRG4CFFUKX5A.jpg: cannot identify image file '/mnt/data/appledaily/2014/11/10/M77A4PZ4AXX2FRMRNIKLJ2AWW4/img/5YLD4AXP2P4K5KCRG4CFFUKX5A.jpg'
❌ Error processing /mnt/data/appledaily/2014/11/15/35QQAASXTNUNLGBZT7OH7FDTUE/img/OJ6E63CNVQMKY4NHVUZCWNTZTI.jpg: cannot identify image file '/mnt/data/appledaily/2014/11/15/35QQAASXTNUNLGBZT7OH7FDTUE/img/OJ6E63CNVQMKY4NHVUZCWNTZTI.jpg'
❌ Error processing /mnt/data/appledaily/2014/11/15/35QQAASXTNUNLGBZT7OH7FDTUE/img/WQ2UEMPNU3B6LHUI32A6KIPZ6M.jpg: cannot identify image file '/mnt/data/appledaily/2014/11/15/35QQAASXTNUNLGBZT7OH7FDTUE/img/WQ2UEMPNU3B6LHUI32A6KIPZ6M.jpg'
❌ Error processing /mnt/data/appledaily/2014/02/21/HHTHTE3XATRJKJ4YJQTPFYCR5M/img/OIBGEUP4ROVJZFKZE22DJDAMYE.jpg: cannot identify image file '/mnt/data/appledaily/2014/02/21/HHTHTE3XATRJKJ4YJQTPFYCR5M/img/OIBGEUP4ROVJZFKZE22DJDAMYE.jpg'
❌ Error processing /mnt/data/appledaily/2014/09/24/4EP6H3YITEQSETWYI5RT4ITX3E/img/BWBDDKMLSXT5KDJGUF72DQCUVA.jpg: cannot identify image file '/mnt/data/appledaily/2014/09/24/4EP6H3YITEQSETWYI5RT4ITX3E/img/BWBDDKMLSXT5KDJGUF72DQCUVA.jpg'
🎉 Image metadata stored in `images-metadata` successfully!
